<?xml version="1.0" encoding="UTF-8"?>
<!-- Generated by org.testng.reporters.JUnitReportReporter -->
<testsuite skipped="0" hostname="RSTP0296" name="RiseSuite.NewTest" tests="1" failures="0" timestamp="06 Nov 2017 16:10:33 GMT" time="1.727" errors="0">
  <testcase name="testEasy" time="1.727" classname="RiseSuite.NewTest"/>
</testsuite> <!-- RiseSuite.NewTest -->
