<?xml version="1.0" encoding="UTF-8"?>
<!-- Generated by org.testng.reporters.JUnitReportReporter -->
<testsuite skipped="0" hostname="RSTP0296" name="MyTestNG.jenkins_demo" tests="1" failures="0" timestamp="20 Oct 2017 20:15:40 GMT" time="2.836" errors="0">
  <testcase name="testgooglesearch" time="2.836" classname="MyTestNG.jenkins_demo"/>
</testsuite> <!-- MyTestNG.jenkins_demo -->
