<?xml version="1.0" encoding="UTF-8"?>
<!-- Generated by org.testng.reporters.JUnitReportReporter -->
<testsuite skipped="0" hostname="RSTP0296" name="MyTestNG.Redirects" tests="1" failures="0" timestamp="03 Nov 2017 22:08:09 GMT" time="4.696" errors="0">
  <testcase name="redirects" time="4.696" classname="MyTestNG.Redirects"/>
</testsuite> <!-- MyTestNG.Redirects -->
