<?xml version="1.0" encoding="UTF-8"?>
<!-- Generated by org.testng.reporters.JUnitReportReporter -->
<testsuite skipped="0" hostname="RSTP0296" name="MyTestNG.FindBrokenLinks" tests="1" failures="0" timestamp="03 Nov 2017 22:08:09 GMT" time="13.591" errors="0">
  <testcase name="findBrokenLinks" time="13.591" classname="MyTestNG.FindBrokenLinks"/>
</testsuite> <!-- MyTestNG.FindBrokenLinks -->
