<?xml version="1.0" encoding="UTF-8"?>
<!-- Generated by org.testng.reporters.JUnitReportReporter -->
<testsuite skipped="0" hostname="RSTP0296" name="MyTestNG.FindBrokenLinks" tests="1" failures="0" timestamp="30 Oct 2017 16:16:47 GMT" time="5.486" errors="0">
  <testcase name="findBrokenLinks" time="5.486" classname="MyTestNG.FindBrokenLinks"/>
</testsuite> <!-- MyTestNG.FindBrokenLinks -->
