<?xml version="1.0" encoding="UTF-8"?>
<!-- Generated by org.testng.reporters.JUnitReportReporter -->
<testsuite skipped="0" hostname="RSTP0296" name="MyTestNG.MyTestNG" tests="1" failures="0" timestamp="16 Jun 2017 19:21:56 GMT" time="6.493" errors="0">
  <testcase name="FindLinks" time="6.493" classname="MyTestNG.MyTestNG"/>
</testsuite> <!-- MyTestNG.MyTestNG -->
