<?xml version="1.0" encoding="UTF-8"?>
<!-- Generated by org.testng.reporters.JUnitReportReporter -->
<testsuite skipped="0" hostname="RSTP0296" name="MyTestNG.jenkins_demo" tests="1" failures="0" timestamp="30 Oct 2017 16:16:47 GMT" time="4.061" errors="0">
  <testcase name="testgooglesearch" time="4.061" classname="MyTestNG.jenkins_demo"/>
</testsuite> <!-- MyTestNG.jenkins_demo -->
