<?xml version="1.0" encoding="UTF-8"?>
<!-- Generated by org.testng.reporters.JUnitReportReporter -->
<testsuite skipped="0" hostname="RSTP0296" name="MyTestNG.jenkins_demo" tests="1" failures="0" timestamp="06 Nov 2017 18:23:24 GMT" time="2.285" errors="0">
  <testcase name="testgooglesearch" time="2.285" classname="MyTestNG.jenkins_demo"/>
</testsuite> <!-- MyTestNG.jenkins_demo -->
