<?xml version="1.0" encoding="UTF-8"?>
<!-- Generated by org.testng.reporters.JUnitReportReporter -->
<testsuite skipped="0" hostname="RSTP0296" name="MyTestNG.Redirects" tests="1" failures="0" timestamp="06 Nov 2017 18:23:24 GMT" time="4.843" errors="0">
  <testcase name="redirects" time="4.843" classname="MyTestNG.Redirects"/>
</testsuite> <!-- MyTestNG.Redirects -->
