<?xml version="1.0" encoding="UTF-8"?>
<!-- Generated by org.testng.reporters.JUnitReportReporter -->
<testsuite skipped="0" hostname="RSTP0296" name="MyTestNG.jenkins_demo" tests="1" failures="0" timestamp="03 Nov 2017 19:32:24 GMT" time="2.396" errors="0">
  <testcase name="testgooglesearch" time="2.396" classname="MyTestNG.jenkins_demo"/>
</testsuite> <!-- MyTestNG.jenkins_demo -->
