<?xml version="1.0" encoding="UTF-8"?>
<!-- Generated by org.testng.reporters.JUnitReportReporter -->
<testsuite skipped="0" hostname="RSTP0296" name="RiseSuite.Redirects" tests="1" failures="0" timestamp="06 Nov 2017 20:54:23 GMT" time="5.574" errors="0">
  <testcase name="redirects" time="5.574" classname="RiseSuite.Redirects"/>
</testsuite> <!-- RiseSuite.Redirects -->
