<?xml version="1.0" encoding="UTF-8"?>
<!-- Generated by org.testng.reporters.JUnitReportReporter -->
<testsuite skipped="0" hostname="RSTP0296" name="RiseSuite.jenkins_demo" tests="1" failures="0" timestamp="06 Nov 2017 20:54:23 GMT" time="2.781" errors="0">
  <testcase name="testgooglesearch" time="2.781" classname="RiseSuite.jenkins_demo"/>
</testsuite> <!-- RiseSuite.jenkins_demo -->
