<?xml version="1.0" encoding="UTF-8"?>
<!-- Generated by org.testng.reporters.JUnitReportReporter -->
<testsuite skipped="0" hostname="RSTP0296" name="risePages.Redirects" tests="1" failures="0" timestamp="07 Nov 2017 23:17:03 GMT" time="5.530" errors="0">
  <testcase name="redirects" time="5.530" classname="risePages.Redirects"/>
</testsuite> <!-- risePages.Redirects -->
