<?xml version="1.0" encoding="UTF-8"?>
<!-- Generated by org.testng.reporters.JUnitReportReporter -->
<testsuite skipped="0" hostname="RSTP0296" name="risePages.jenkins_demo" tests="1" failures="0" timestamp="07 Nov 2017 23:17:03 GMT" time="0.384" errors="0">
  <testcase name="testgooglesearch" time="0.384" classname="risePages.jenkins_demo"/>
</testsuite> <!-- risePages.jenkins_demo -->
