<?xml version="1.0" encoding="UTF-8"?>
<!-- Generated by org.testng.reporters.JUnitReportReporter -->
<testsuite skipped="0" hostname="RSTP0296" name="RiseSuite.jenkins_demo" tests="1" failures="0" timestamp="07 Nov 2017 22:10:26 GMT" time="0.370" errors="0">
  <testcase name="testgooglesearch" time="0.370" classname="RiseSuite.jenkins_demo"/>
</testsuite> <!-- RiseSuite.jenkins_demo -->
