<?xml version="1.0" encoding="UTF-8"?>
<!-- Generated by org.testng.reporters.JUnitReportReporter -->
<testsuite skipped="0" hostname="RSTP0296" name="RiseSuite.NewTest" tests="1" failures="0" timestamp="03 Nov 2017 19:44:06 GMT" time="0.840" errors="0">
  <testcase name="testEasy" time="0.840" classname="RiseSuite.NewTest"/>
</testsuite> <!-- RiseSuite.NewTest -->
