<?xml version="1.0" encoding="UTF-8"?>
<!-- Generated by org.testng.reporters.JUnitReportReporter -->
<testsuite skipped="0" hostname="RSTP0296" name="RiseSuite.FindBrokenLinks" tests="1" failures="0" timestamp="07 Nov 2017 22:10:26 GMT" time="13.283" errors="0">
  <testcase name="findBrokenLinks" time="13.283" classname="RiseSuite.FindBrokenLinks"/>
</testsuite> <!-- RiseSuite.FindBrokenLinks -->
