<?xml version="1.0" encoding="UTF-8"?>
<!-- Generated by org.testng.reporters.JUnitReportReporter -->
<testsuite skipped="0" hostname="RSTP0296" name="RiseSuite.FindBrokenLinks" tests="1" failures="0" timestamp="06 Nov 2017 20:54:23 GMT" time="9.069" errors="0">
  <testcase name="findBrokenLinks" time="9.069" classname="RiseSuite.FindBrokenLinks"/>
</testsuite> <!-- RiseSuite.FindBrokenLinks -->
