<?xml version="1.0" encoding="UTF-8"?>
<!-- Generated by org.testng.reporters.JUnitReportReporter -->
<testsuite skipped="0" hostname="RSTP0296" name="risePages.FindBrokenLinks" tests="1" failures="0" timestamp="07 Nov 2017 23:17:03 GMT" time="13.188" errors="0">
  <testcase name="findBrokenLinks" time="13.188" classname="risePages.FindBrokenLinks"/>
</testsuite> <!-- risePages.FindBrokenLinks -->
