<?xml version="1.0" encoding="UTF-8"?>
<!-- Generated by org.testng.reporters.JUnitReportReporter -->
<testsuite skipped="0" hostname="RSTP0296" name="risePages.NewTest" tests="1" failures="0" timestamp="07 Nov 2017 23:17:03 GMT" time="0.832" errors="0">
  <testcase name="testEasy" time="0.832" classname="risePages.NewTest"/>
</testsuite> <!-- risePages.NewTest -->
